
ROM used:   807/8192 (10%)
            807/8192 (10%) including unused fragments

            0.6 Average locations per line
            4.9 Average locations per statement

RAM used:   10/368 (3%) at main() level
            23/368 (6%) worst case

Stack used: 5 worst case (5 in main + 0 for interrupts)
Stack size: 8

Lines Stmts  %   Files
----- ----- ---  -----
   92    64  39  Review.c
  773     0   0  C:\Program Files (x86)\PICC\Devices\16F887.H
  456   100  61  C:\Program Files (x86)\PICC\Drivers\LCD.C
----- -----
 1321   164 Total

Page ROM  %  RAM    Vol Diff  Functions:
---- --- --- ---    --- ----  ----------
0     20   2    1             @delay_ms1
 Inline         3    760  4.5  lcd_read_byte
0     49   6    2    262  3.7  lcd_read_nibble
0     46   6    1    399  2.4  lcd_send_nibble
0     94  12    3    415  3.7  lcd_send_byte
0     70   9    6    852  6.2  lcd_init
0     18   2    4    208  6.3  lcd_gotoxy
0     44   5    1    354  4.7  lcd_putc
0     14   2    0    170  2.1  @const637
0    281  35    1   1899  6.3  MAIN
0      4   0    0             @const644
0     86  11    4             @PSTRINGC7_624
0      6   1    0             @const649
0      9   1    0             @const650
0      9   1    0             @const651
0      9   1    0             @const652
0      9   1    0             @const653
0      6   1    0             @const654
0      5   1    0             @const655
0      4   0    0             @const656
0      3   0    0             @const657
0      4   0    0             @const658
0      3   0    0             @const659
0      4   0    0             @const660
0      6   1    0             @const661
 Inline         0             @cinit1

Program metrics:
    Functions               9
    Statements              164
    Comments                237
    Volume (V)              7892
    Difficulty (D)          37.8
    Effort to implement (E) 297930
    Time to implement (T)   4 hours, 36 minutes
    Est Delivered Bugs (B)  1
    Cyclomatic Complexity   17
    Maintainability (MI)    138

 Segment     Used  Free
-----------  ----  ----
00000-00003     4  0  
00004-007FF   803  1241  
00800-00FFF     0  2048  
01000-017FF     0  2048  
01800-01FFF     0  2048  



