
ROM used:   706/8192 (9%)
            706/8192 (9%) including unused fragments

            0.6 Average locations per line
            6.5 Average locations per statement

RAM used:   8/368 (2%) at main() level
            28/368 (8%) worst case

Stack used: 5 worst case (5 in main + 0 for interrupts)
Stack size: 8

Lines Stmts  %   Files
----- ----- ---  -----
   32     9   8  EX2.c
  773     0   0  C:\Program Files (x86)\PICC\Devices\16F887.H
  456   100  92  C:\Program Files (x86)\PICC\Drivers\LCD.C
----- -----
 1261   109 Total

Page ROM  %  RAM    Vol Diff  Functions:
---- --- --- ---    --- ----  ----------
0     20   3    1             @delay_ms1
 Inline         3    760  4.5  lcd_read_byte
0     49   7    2    262  3.7  lcd_read_nibble
0     46   7    1    399  2.4  lcd_send_nibble
0     94  13    3    415  3.7  lcd_send_byte
0     70  10    6    852  6.2  lcd_init
0     18   3    4    208  6.3  lcd_gotoxy
0     44   6    1    354  4.7  lcd_putc
0     78  11    0    216  2.2  MAIN
0     10   1    0             @const641
0     87  12    5             @PSTRINGCN7_624
0     21   3    3             @DIV88
0     55   8    2             @PRINTF_U_624
0      9   1    0             @const650
0    101  14    9             @PRINTF_LU_624
 Inline         0             @cinit1

Program metrics:
    Functions               8
    Statements              109
    Comments                234
    Volume (V)              5260
    Difficulty (D)          32.2
    Effort to implement (E) 169613
    Time to implement (T)   2 hours, 37 minutes
    Est Delivered Bugs (B)  1
    Cyclomatic Complexity   8
    Maintainability (MI)    138

 Segment     Used  Free
-----------  ----  ----
00000-00003     4  0  
00004-007FF   702  1342  
00800-00FFF     0  2048  
01000-017FF     0  2048  
01800-01FFF     0  2048  



