
ROM used:   613/8192 (7%)
            613/8192 (7%) including unused fragments

            0.5 Average locations per line
            4.9 Average locations per statement

RAM used:   11/368 (3%) at main() level
            24/368 (7%) worst case

Stack used: 5 worst case (5 in main + 0 for interrupts)
Stack size: 8

Lines Stmts  %   Files
----- ----- ---  -----
   74    25  20  EX5.c
  773     0   0  C:\Program Files (x86)\PICC\Devices\16F887.H
  456   100  80  C:\Program Files (x86)\PICC\Drivers\LCD.C
----- -----
 1303   125 Total

Page ROM  %  RAM    Vol Diff  Functions:
---- --- --- ---    --- ----  ----------
0     20   3    1             @delay_ms1
 Inline         3    760  4.5  lcd_read_byte
0     49   8    2    262  3.7  lcd_read_nibble
0     46   8    1    399  2.4  lcd_send_nibble
0     94  15    3    415  3.7  lcd_send_byte
0     70  11    6    852  6.2  lcd_init
0     18   3    4    208  6.3  lcd_gotoxy
0     44   7    1    354  4.7  lcd_putc
0     98  16    1    658  4.2  MAIN
0      8   1    0             @const642
0     88  14    4             @PSTRINGC7_624
0     21   3    3             @DIV88
0     53   9    2             @PRINTF_U_624
 Inline         0             @cinit1

Program metrics:
    Functions               8
    Statements              125
    Comments                258
    Volume (V)              5902
    Difficulty (D)          34.5
    Effort to implement (E) 203484
    Time to implement (T)   3 hours, 8 minutes
    Est Delivered Bugs (B)  1
    Cyclomatic Complexity   11
    Maintainability (MI)    121

 Segment     Used  Free
-----------  ----  ----
00000-00003     4  0  
00004-007FF   609  1435  
00800-00FFF     0  2048  
01000-017FF     0  2048  
01800-01FFF     0  2048  



