
ROM used:   744/8192 (9%)
            744/8192 (9%) including unused fragments

            0.6 Average locations per line
            5.1 Average locations per statement

RAM used:   10/368 (3%) at main() level
            24/368 (7%) worst case

Stack used: 5 worst case (5 in main + 0 for interrupts)
Stack size: 8

Lines Stmts  %   Files
----- ----- ---  -----
   77    47  32  Review_1.c
  773     0   0  C:\Program Files (x86)\PICC\Devices\16F887.H
  456   100  68  C:\Program Files (x86)\PICC\Drivers\LCD.C
----- -----
 1306   147 Total

Page ROM  %  RAM    Vol Diff  Functions:
---- --- --- ---    --- ----  ----------
0     20   3    1             @delay_ms1
 Inline         3    760  4.5  lcd_read_byte
0     49   7    2    262  3.7  lcd_read_nibble
0     46   6    1    399  2.4  lcd_send_nibble
0     94  13    3    415  3.7  lcd_send_byte
0     70   9    6    852  6.2  lcd_init
0     18   2    4    208  6.3  lcd_gotoxy
0     44   6    1    354  4.7  lcd_putc
0     14   2    0             @const637
0    205  28    1   1273  7.7  MAIN
0      9   1    0             @const646
0     87  12    5             @PSTRINGCN7_624
0     21   3    3             @DIV88
0     53   7    2             @PRINTF_U_624
0     10   1    0             @const655
 Inline         0             @cinit1

Program metrics:
    Functions               8
    Statements              147
    Comments                236
    Volume (V)              6708
    Difficulty (D)          37.8
    Effort to implement (E) 253306
    Time to implement (T)   3 hours, 55 minutes
    Est Delivered Bugs (B)  1
    Cyclomatic Complexity   15
    Maintainability (MI)    131

 Segment     Used  Free
-----------  ----  ----
00000-00003     4  0  
00004-007FF   740  1304  
00800-00FFF     0  2048  
01000-017FF     0  2048  
01800-01FFF     0  2048  



