
ROM used:   108/8192 (1%)
            108/8192 (1%) including unused fragments

            0.1 Average locations per line
            8.3 Average locations per statement

RAM used:   7/368 (2%) at main() level
            8/368 (2%) worst case

Stack used: 0 worst case (0 in main + 0 for interrupts)
Stack size: 8

Lines Stmts  %   Files
----- ----- ---  -----
   48    13 100  LEDCHOPTAT.c
  773     0   0  C:\Program Files (x86)\PICC\Devices\16F887.H
----- -----
  821    13 Total

Page ROM  %  RAM    Vol Diff  Functions:
---- --- --- ---    --- ----  ----------
0     20  19    1             @delay_ms1
0     84  78    1    280  3.7  MAIN
 Inline         0             @cinit1

Program metrics:
    Functions               1
    Statements              13
    Comments                180
    Volume (V)              284
    Difficulty (D)          3.4
    Effort to implement (E) 975
    Time to implement (T)   1 minutes
    Est Delivered Bugs (B)  0
    Cyclomatic Complexity   1
    Maintainability (MI)    147

 Segment     Used  Free
-----------  ----  ----
00000-00003     4  0  
00004-007FF   104  1940  
00800-00FFF     0  2048  
01000-017FF     0  2048  
01800-01FFF     0  2048  



