CCS PCM C Compiler, Version 5.051, 43599               01-Apr-26 17:33

               Filename:   D:\VI-XU-LY\LCD\EXERCISE\EX4\EX4.lst

               ROM used:   618 words (8%)
                           Largest free fragment is 2048
               RAM used:   10 (3%) at main() level
                           25 (7%) worst case
               Stack used: 5 locations
               Stack size: 8

*
0000:  MOVLW  02
0001:  MOVWF  0A
0002:  GOTO   205
0003:  NOP
.................... #INCLUDE <16F887.H> 
.................... //////////// Standard Header file for the PIC16F887 device //////////////// 
.................... /////////////////////////////////////////////////////////////////////////// 
.................... ////        (C) Copyright 1996, 2014 Custom Computer Services          //// 
.................... //// This source code may only be used by licensed users of the CCS C  //// 
.................... //// compiler.  This source code may only be distributed to other      //// 
.................... //// licensed users of the CCS C compiler.  No other use, reproduction //// 
.................... //// or distribution is permitted without written permission.          //// 
.................... //// Derivative programs created using this software in object code    //// 
.................... //// form are not restricted in any way.                               //// 
.................... /////////////////////////////////////////////////////////////////////////// 
.................... #device PIC16F887 
0004:  DATA 53,28
0005:  DATA 54,1D
0006:  DATA 25,18
0007:  DATA B2,2A
0008:  DATA 20,10
0009:  DATA 20,10
000A:  DATA A0,29
000B:  DATA D0,25
000C:  DATA BA,12
000D:  DATA 30,19
000E:  DATA 55,00
*
0164:  MOVF   0B,W
0165:  MOVWF  26
0166:  BCF    0B.7
0167:  BSF    03.5
0168:  BSF    03.6
0169:  BSF    0C.7
016A:  BSF    0C.0
016B:  NOP
016C:  NOP
016D:  BCF    03.5
016E:  BCF    03.6
016F:  BTFSC  26.7
0170:  BSF    0B.7
0171:  BTFSC  03.0
0172:  GOTO   19B
0173:  BSF    03.6
0174:  MOVF   0C,W
0175:  ANDLW  7F
0176:  BCF    03.6
0177:  MOVWF  26
0178:  BSF    03.6
0179:  MOVF   0D,W
017A:  BCF    03.6
017B:  MOVWF  27
017C:  BSF    03.6
017D:  MOVF   0F,W
017E:  BCF    03.6
017F:  MOVWF  28
0180:  MOVF   26,W
0181:  MOVWF  29
0182:  CALL   138
0183:  MOVF   27,W
0184:  BSF    03.6
0185:  MOVWF  0D
0186:  BCF    03.6
0187:  MOVF   28,W
0188:  BSF    03.6
0189:  MOVWF  0F
018A:  BCF    03.6
018B:  MOVF   0B,W
018C:  MOVWF  29
018D:  BCF    0B.7
018E:  BSF    03.5
018F:  BSF    03.6
0190:  BSF    0C.7
0191:  BSF    0C.0
0192:  NOP
0193:  NOP
0194:  BCF    03.5
0195:  BCF    03.6
0196:  BTFSC  29.7
0197:  BSF    0B.7
0198:  DECFSZ 25,F
0199:  GOTO   19B
019A:  GOTO   1BA
019B:  BSF    03.6
019C:  RLF    0C,W
019D:  RLF    0E,W
019E:  ANDLW  7F
019F:  BCF    03.6
01A0:  MOVWF  26
01A1:  BSF    03.6
01A2:  MOVF   0D,W
01A3:  BCF    03.6
01A4:  MOVWF  27
01A5:  BSF    03.6
01A6:  MOVF   0F,W
01A7:  BCF    03.6
01A8:  MOVWF  28
01A9:  MOVF   26,W
01AA:  MOVWF  29
01AB:  CALL   138
01AC:  MOVF   27,W
01AD:  BSF    03.6
01AE:  MOVWF  0D
01AF:  BCF    03.6
01B0:  MOVF   28,W
01B1:  BSF    03.6
01B2:  MOVWF  0F
01B3:  INCF   0D,F
01B4:  BTFSC  03.2
01B5:  INCF   0F,F
01B6:  BCF    03.0
01B7:  BCF    03.6
01B8:  DECFSZ 25,F
01B9:  GOTO   164
01BA:  RETURN
01BB:  MOVF   28,W
01BC:  CLRF   78
01BD:  SUBWF  27,W
01BE:  BTFSC  03.0
01BF:  GOTO   1C3
01C0:  MOVF   27,W
01C1:  MOVWF  77
01C2:  GOTO   1CF
01C3:  CLRF   77
01C4:  MOVLW  08
01C5:  MOVWF  29
01C6:  RLF    27,F
01C7:  RLF    77,F
01C8:  MOVF   28,W
01C9:  SUBWF  77,W
01CA:  BTFSC  03.0
01CB:  MOVWF  77
01CC:  RLF    78,F
01CD:  DECFSZ 29,F
01CE:  GOTO   1C6
01CF:  RETURN
01D0:  MOVF   78,W
01D1:  MOVF   25,W
01D2:  MOVWF  27
01D3:  MOVLW  64
01D4:  MOVWF  28
01D5:  CALL   1BB
01D6:  MOVF   77,W
01D7:  MOVWF  25
01D8:  MOVF   78,W
01D9:  MOVLW  30
01DA:  BTFSS  03.2
01DB:  GOTO   1E3
01DC:  BTFSS  26.1
01DD:  GOTO   1EA
01DE:  BTFSC  26.3
01DF:  GOTO   1EA
01E0:  BTFSC  26.4
01E1:  MOVLW  20
01E2:  GOTO   1E6
01E3:  BCF    26.3
01E4:  BCF    26.4
01E5:  BSF    26.0
01E6:  ADDWF  78,F
01E7:  MOVF   78,W
01E8:  MOVWF  29
01E9:  CALL   138
01EA:  MOVF   25,W
01EB:  MOVWF  27
01EC:  MOVLW  0A
01ED:  MOVWF  28
01EE:  CALL   1BB
01EF:  MOVF   77,W
01F0:  MOVWF  25
01F1:  MOVF   78,W
01F2:  MOVLW  30
01F3:  BTFSS  03.2
01F4:  GOTO   1FB
01F5:  BTFSC  26.3
01F6:  GOTO   1FF
01F7:  BTFSS  26.0
01F8:  GOTO   1FF
01F9:  BTFSC  26.4
01FA:  MOVLW  20
01FB:  ADDWF  78,F
01FC:  MOVF   78,W
01FD:  MOVWF  29
01FE:  CALL   138
01FF:  MOVLW  30
0200:  ADDWF  25,F
0201:  MOVF   25,W
0202:  MOVWF  29
0203:  CALL   138
0204:  RETURN
....................  
.................... #list 
....................  
.................... #FUSES HS, PUT 
.................... #USE DELAY(CLOCK=20M) 
*
000F:  MOVLW  2A
0010:  MOVWF  04
0011:  BCF    03.7
0012:  MOVF   00,W
0013:  BTFSC  03.2
0014:  GOTO   022
0015:  MOVLW  06
0016:  MOVWF  78
0017:  CLRF   77
0018:  DECFSZ 77,F
0019:  GOTO   018
001A:  DECFSZ 78,F
001B:  GOTO   017
001C:  MOVLW  7B
001D:  MOVWF  77
001E:  DECFSZ 77,F
001F:  GOTO   01E
0020:  DECFSZ 00,F
0021:  GOTO   015
0022:  RETURN
....................  
.................... #define LCD_ENABLE_PIN  PIN_E0 
.................... #define LCD_RS_PIN      PIN_E1 
.................... #define LCD_RW_PIN      PIN_E2 
.................... #define LCD_DATA4       PIN_D4 
.................... #define LCD_DATA5       PIN_D5 
.................... #define LCD_DATA6       PIN_D6 
.................... #define LCD_DATA7       PIN_D7 
....................  
.................... #INCLUDE <LCD.C> 
.................... /////////////////////////////////////////////////////////////////////////////// 
.................... ////                             LCD.C                                     //// 
.................... ////                 Driver for common LCD modules                         //// 
.................... ////                                                                       //// 
.................... ////  lcd_init()   Must be called before any other function.               //// 
.................... ////                                                                       //// 
.................... ////  lcd_putc(c)  Will display c on the next position of the LCD.         //// 
.................... ////                 \a  Set cursor position to upper left                 //// 
.................... ////                 \f  Clear display, set cursor to upper left           //// 
.................... ////                 \n  Go to start of second line                        //// 
.................... ////                 \b  Move back one position                            //// 
.................... ////              If LCD_EXTENDED_NEWLINE is defined, the \n character     //// 
.................... ////              will erase all remanining characters on the current      //// 
.................... ////              line, and move the cursor to the beginning of the next   //// 
.................... ////              line.                                                    //// 
.................... ////              If LCD_EXTENDED_NEWLINE is defined, the \r character     //// 
.................... ////              will move the cursor to the start of the current         //// 
.................... ////              line.                                                    //// 
.................... ////                                                                       //// 
.................... ////  lcd_gotoxy(x,y) Set write position on LCD (upper left is 1,1)        //// 
.................... ////                                                                       //// 
.................... ////  lcd_getc(x,y)   Returns character at position x,y on LCD             //// 
.................... ////                                                                       //// 
.................... ////  lcd_cursor_on(int1 on)   Turn the cursor on (on=TRUE) or off         //// 
.................... ////              (on=FALSE).                                              //// 
.................... ////                                                                       //// 
.................... ////  lcd_set_cgram_char(w, *p)   Write a custom character to the CGRAM.   //// 
.................... ////                                                                       //// 
.................... ////                                                                       //// 
.................... ////  CONFIGURATION                                                        //// 
.................... ////  The LCD can be configured in one of two ways: a.) port access or     //// 
.................... ////  b.) pin access.  Port access requires the entire 7 bit interface     //// 
.................... ////  connected to one GPIO port, and the data bits (D4:D7 of the LCD)     //// 
.................... ////  connected to sequential pins on the GPIO.  Pin access                //// 
.................... ////  has no requirements, all 7 bits of the control interface can         //// 
.................... ////  can be connected to any GPIO using several ports.                    //// 
.................... ////                                                                       //// 
.................... ////  To use port access, #define LCD_DATA_PORT to the SFR location of     //// 
.................... ////  of the GPIO port that holds the interface, -AND- edit LCD_PIN_MAP    //// 
.................... ////  of this file to configure the pin order.  If you are using a         //// 
.................... ////  baseline PIC (PCB), then LCD_OUTPUT_MAP and LCD_INPUT_MAP also must  //// 
.................... ////  be defined.                                                          //// 
.................... ////                                                                       //// 
.................... ////  Example of port access:                                              //// 
.................... ////     #define LCD_DATA_PORT getenv("SFR:PORTD")                         //// 
.................... ////                                                                       //// 
.................... ////  To use pin access, the following pins must be defined:               //// 
.................... ////     LCD_ENABLE_PIN                                                    //// 
.................... ////     LCD_RS_PIN                                                        //// 
.................... ////     LCD_RW_PIN                                                        //// 
.................... ////     LCD_DATA4                                                         //// 
.................... ////     LCD_DATA5                                                         //// 
.................... ////     LCD_DATA6                                                         //// 
.................... ////     LCD_DATA7                                                         //// 
.................... ////                                                                       //// 
.................... ////  Example of pin access:                                               //// 
.................... ////     #define LCD_ENABLE_PIN  PIN_E0                                    //// 
.................... ////     #define LCD_RS_PIN      PIN_E1                                    //// 
.................... ////     #define LCD_RW_PIN      PIN_E2                                    //// 
.................... ////     #define LCD_DATA4       PIN_D4                                    //// 
.................... ////     #define LCD_DATA5       PIN_D5                                    //// 
.................... ////     #define LCD_DATA6       PIN_D6                                    //// 
.................... ////     #define LCD_DATA7       PIN_D7                                    //// 
.................... ////                                                                       //// 
.................... /////////////////////////////////////////////////////////////////////////////// 
.................... ////        (C) Copyright 1996,2010 Custom Computer Services           //// 
.................... //// This source code may only be used by licensed users of the CCS C  //// 
.................... //// compiler.  This source code may only be distributed to other      //// 
.................... //// licensed users of the CCS C compiler.  No other use, reproduction //// 
.................... //// or distribution is permitted without written permission.          //// 
.................... //// Derivative programs created using this software in object code    //// 
.................... //// form are not restricted in any way.                               //// 
.................... /////////////////////////////////////////////////////////////////////////// 
....................  
.................... #ifndef __LCD_C__ 
.................... #define __LCD_C__ 
....................  
.................... // define the pinout. 
.................... // only required if port access is being used. 
.................... typedef struct   
.................... {                            // This structure is overlayed 
....................    int1 enable;           // on to an I/O port to gain 
....................    int1 rs;               // access to the LCD pins. 
....................    int1 rw;               // The bits are allocated from 
....................    int1 unused;           // low order up.  ENABLE will 
....................    unsigned int     data : 4;         // be LSB pin of that port. 
....................   #if defined(__PCD__)       // The port used will be LCD_DATA_PORT. 
....................    unsigned int    reserved: 8; 
....................   #endif 
.................... } LCD_PIN_MAP; 
....................  
.................... // this is to improve compatability with previous LCD drivers that accepted 
.................... // a define labeled 'use_portb_lcd' that configured the LCD onto port B. 
.................... #if ((defined(use_portb_lcd)) && (use_portb_lcd==TRUE)) 
....................  #define LCD_DATA_PORT getenv("SFR:PORTB") 
.................... #endif 
....................  
.................... #if defined(__PCB__) 
....................    // these definitions only need to be modified for baseline PICs. 
....................    // all other PICs use LCD_PIN_MAP or individual LCD_xxx pin definitions. 
.................... /*                                    EN, RS,   RW,   UNUSED,  DATA  */ 
....................  const LCD_PIN_MAP LCD_OUTPUT_MAP =  {0,  0,    0,    0,       0}; 
....................  const LCD_PIN_MAP LCD_INPUT_MAP =   {0,  0,    0,    0,       0xF}; 
.................... #endif 
....................  
.................... ////////////////////// END CONFIGURATION /////////////////////////////////// 
....................  
.................... #ifndef LCD_ENABLE_PIN 
....................    #define lcd_output_enable(x) lcdlat.enable=x 
....................    #define lcd_enable_tris()   lcdtris.enable=0 
.................... #else 
....................    #define lcd_output_enable(x) output_bit(LCD_ENABLE_PIN, x) 
....................    #define lcd_enable_tris()  output_drive(LCD_ENABLE_PIN) 
.................... #endif 
....................  
.................... #ifndef LCD_RS_PIN 
....................    #define lcd_output_rs(x) lcdlat.rs=x 
....................    #define lcd_rs_tris()   lcdtris.rs=0 
.................... #else 
....................    #define lcd_output_rs(x) output_bit(LCD_RS_PIN, x) 
....................    #define lcd_rs_tris()  output_drive(LCD_RS_PIN) 
.................... #endif 
....................  
.................... #ifndef LCD_RW_PIN 
....................    #define lcd_output_rw(x) lcdlat.rw=x 
....................    #define lcd_rw_tris()   lcdtris.rw=0 
.................... #else 
....................    #define lcd_output_rw(x) output_bit(LCD_RW_PIN, x) 
....................    #define lcd_rw_tris()  output_drive(LCD_RW_PIN) 
.................... #endif 
....................  
.................... // original version of this library incorrectly labeled LCD_DATA0 as LCD_DATA4, 
.................... // LCD_DATA1 as LCD_DATA5, and so on.  this block of code makes the driver 
.................... // compatible with any code written for the original library 
.................... #if (defined(LCD_DATA0) && defined(LCD_DATA1) && defined(LCD_DATA2) && defined(LCD_DATA3) && !defined(LCD_DATA4) && !defined(LCD_DATA5) && !defined(LCD_DATA6) && !defined(LCD_DATA7)) 
....................    #define  LCD_DATA4    LCD_DATA0 
....................    #define  LCD_DATA5    LCD_DATA1 
....................    #define  LCD_DATA6    LCD_DATA2 
....................    #define  LCD_DATA7    LCD_DATA3 
.................... #endif 
....................  
.................... #ifndef LCD_DATA4 
.................... #ifndef LCD_DATA_PORT 
....................    #if defined(__PCB__) 
....................       #define LCD_DATA_PORT      0x06     //portb 
....................       #define set_tris_lcd(x)   set_tris_b(x) 
....................    #else 
....................      #if defined(PIN_D0) 
....................       #define LCD_DATA_PORT      getenv("SFR:PORTD")     //portd 
....................      #else 
....................       #define LCD_DATA_PORT      getenv("SFR:PORTB")     //portb 
....................      #endif 
....................    #endif    
.................... #endif 
....................  
.................... #if defined(__PCB__) 
....................    LCD_PIN_MAP lcd, lcdlat; 
....................    #byte lcd = LCD_DATA_PORT 
....................    #byte lcdlat = LCD_DATA_PORT 
.................... #elif defined(__PCM__) 
....................    LCD_PIN_MAP lcd, lcdlat, lcdtris; 
....................    #byte lcd = LCD_DATA_PORT 
....................    #byte lcdlat = LCD_DATA_PORT 
....................    #byte lcdtris = LCD_DATA_PORT+0x80 
.................... #elif defined(__PCH__) 
....................    LCD_PIN_MAP lcd, lcdlat, lcdtris; 
....................    #byte lcd = LCD_DATA_PORT 
....................    #byte lcdlat = LCD_DATA_PORT+9 
....................    #byte lcdtris = LCD_DATA_PORT+0x12 
.................... #elif defined(__PCD__) 
....................    LCD_PIN_MAP lcd, lcdlat, lcdtris; 
....................    #word lcd = LCD_DATA_PORT 
....................    #word lcdlat = LCD_DATA_PORT+2 
....................    #word lcdtris = LCD_DATA_PORT-0x02 
.................... #endif 
.................... #endif   //LCD_DATA4 not defined 
....................  
.................... #ifndef LCD_TYPE 
....................    #define LCD_TYPE 2           // 0=5x7, 1=5x10, 2=2 lines 
.................... #endif 
....................  
.................... #ifndef LCD_LINE_TWO 
....................    #define LCD_LINE_TWO 0x40    // LCD RAM address for the second line 
.................... #endif 
....................  
.................... #ifndef LCD_LINE_LENGTH 
....................    #define LCD_LINE_LENGTH 20 
.................... #endif 
....................  
.................... unsigned int8 lcd_read_nibble(void); 
....................  
.................... unsigned int8 lcd_read_byte(void) 
.................... { 
....................    unsigned int8 low,high; 
....................  
....................  #if defined(__PCB__) 
....................    set_tris_lcd(LCD_INPUT_MAP); 
....................  #else 
....................   #if (defined(LCD_DATA4) && defined(LCD_DATA5) && defined(LCD_DATA6) && defined(LCD_DATA7)) 
....................    output_float(LCD_DATA4); 
*
008A:  BSF    08.4
....................    output_float(LCD_DATA5); 
008B:  BSF    08.5
....................    output_float(LCD_DATA6); 
008C:  BSF    08.6
....................    output_float(LCD_DATA7); 
008D:  BSF    08.7
....................   #else 
....................    lcdtris.data = 0xF; 
....................   #endif 
....................  #endif 
....................          
....................    lcd_output_rw(1); 
008E:  BCF    03.5
008F:  BSF    09.2
0090:  BSF    03.5
0091:  BCF    09.2
....................    delay_cycles(1); 
0092:  NOP
....................    lcd_output_enable(1); 
0093:  BCF    03.5
0094:  BSF    09.0
0095:  BSF    03.5
0096:  BCF    09.0
....................    delay_cycles(1); 
0097:  NOP
....................    high = lcd_read_nibble(); 
0098:  BCF    03.5
0099:  CALL   051
009A:  MOVF   78,W
009B:  MOVWF  31
....................        
....................    lcd_output_enable(0); 
009C:  BCF    09.0
009D:  BSF    03.5
009E:  BCF    09.0
....................    delay_cycles(1); 
009F:  NOP
....................    lcd_output_enable(1); 
00A0:  BCF    03.5
00A1:  BSF    09.0
00A2:  BSF    03.5
00A3:  BCF    09.0
....................    delay_us(1); 
00A4:  GOTO   0A5
00A5:  GOTO   0A6
00A6:  NOP
....................    low = lcd_read_nibble(); 
00A7:  BCF    03.5
00A8:  CALL   051
00A9:  MOVF   78,W
00AA:  MOVWF  30
....................        
....................    lcd_output_enable(0); 
00AB:  BCF    09.0
00AC:  BSF    03.5
00AD:  BCF    09.0
....................  
....................  #if defined(__PCB__) 
....................    set_tris_lcd(LCD_OUTPUT_MAP); 
....................  #else 
....................   #if (defined(LCD_DATA4) && defined(LCD_DATA5) && defined(LCD_DATA6) && defined(LCD_DATA7)) 
....................    output_drive(LCD_DATA4); 
00AE:  BCF    08.4
....................    output_drive(LCD_DATA5); 
00AF:  BCF    08.5
....................    output_drive(LCD_DATA6); 
00B0:  BCF    08.6
....................    output_drive(LCD_DATA7); 
00B1:  BCF    08.7
....................   #else 
....................    lcdtris.data = 0x0; 
....................   #endif 
....................  #endif 
....................  
....................    return( (high<<4) | low); 
00B2:  BCF    03.5
00B3:  SWAPF  31,W
00B4:  MOVWF  77
00B5:  MOVLW  F0
00B6:  ANDWF  77,F
00B7:  MOVF   77,W
00B8:  IORWF  30,W
00B9:  MOVWF  78
.................... } 
....................  
.................... unsigned int8 lcd_read_nibble(void) 
.................... { 
....................   #if (defined(LCD_DATA4) && defined(LCD_DATA5) && defined(LCD_DATA6) && defined(LCD_DATA7)) 
*
0051:  CLRF   32
....................    unsigned int8 n = 0x00; 
....................  
....................    /* Read the data port */ 
....................    n |= input(LCD_DATA4); 
0052:  BSF    03.5
0053:  BSF    08.4
0054:  MOVLW  00
0055:  BCF    03.5
0056:  BTFSC  08.4
0057:  MOVLW  01
0058:  IORWF  32,F
....................    n |= input(LCD_DATA5) << 1; 
0059:  BSF    03.5
005A:  BSF    08.5
005B:  MOVLW  00
005C:  BCF    03.5
005D:  BTFSC  08.5
005E:  MOVLW  01
005F:  MOVWF  77
0060:  BCF    03.0
0061:  RLF    77,F
0062:  MOVF   77,W
0063:  IORWF  32,F
....................    n |= input(LCD_DATA6) << 2; 
0064:  BSF    03.5
0065:  BSF    08.6
0066:  MOVLW  00
0067:  BCF    03.5
0068:  BTFSC  08.6
0069:  MOVLW  01
006A:  MOVWF  77
006B:  RLF    77,F
006C:  RLF    77,F
006D:  MOVLW  FC
006E:  ANDWF  77,F
006F:  MOVF   77,W
0070:  IORWF  32,F
....................    n |= input(LCD_DATA7) << 3; 
0071:  BSF    03.5
0072:  BSF    08.7
0073:  MOVLW  00
0074:  BCF    03.5
0075:  BTFSC  08.7
0076:  MOVLW  01
0077:  MOVWF  77
0078:  RLF    77,F
0079:  RLF    77,F
007A:  RLF    77,F
007B:  MOVLW  F8
007C:  ANDWF  77,F
007D:  MOVF   77,W
007E:  IORWF  32,F
....................     
....................    return(n); 
007F:  MOVF   32,W
0080:  MOVWF  78
....................   #else 
0081:  RETURN
....................    return(lcd.data); 
....................   #endif 
.................... } 
....................  
.................... void lcd_send_nibble(unsigned int8 n) 
.................... { 
....................   #if (defined(LCD_DATA4) && defined(LCD_DATA5) && defined(LCD_DATA6) && defined(LCD_DATA7)) 
....................    /* Write to the data port */ 
....................    output_bit(LCD_DATA4, bit_test(n, 0)); 
*
0023:  BTFSC  31.0
0024:  GOTO   027
0025:  BCF    08.4
0026:  GOTO   028
0027:  BSF    08.4
0028:  BSF    03.5
0029:  BCF    08.4
....................    output_bit(LCD_DATA5, bit_test(n, 1)); 
002A:  BCF    03.5
002B:  BTFSC  31.1
002C:  GOTO   02F
002D:  BCF    08.5
002E:  GOTO   030
002F:  BSF    08.5
0030:  BSF    03.5
0031:  BCF    08.5
....................    output_bit(LCD_DATA6, bit_test(n, 2)); 
0032:  BCF    03.5
0033:  BTFSC  31.2
0034:  GOTO   037
0035:  BCF    08.6
0036:  GOTO   038
0037:  BSF    08.6
0038:  BSF    03.5
0039:  BCF    08.6
....................    output_bit(LCD_DATA7, bit_test(n, 3)); 
003A:  BCF    03.5
003B:  BTFSC  31.3
003C:  GOTO   03F
003D:  BCF    08.7
003E:  GOTO   040
003F:  BSF    08.7
0040:  BSF    03.5
0041:  BCF    08.7
....................   #else       
....................    lcdlat.data = n; 
....................   #endif 
....................        
....................    delay_cycles(1); 
0042:  NOP
....................    lcd_output_enable(1); 
0043:  BCF    03.5
0044:  BSF    09.0
0045:  BSF    03.5
0046:  BCF    09.0
....................    delay_us(2); 
0047:  MOVLW  03
0048:  MOVWF  77
0049:  DECFSZ 77,F
004A:  GOTO   049
....................    lcd_output_enable(0); 
004B:  BCF    03.5
004C:  BCF    09.0
004D:  BSF    03.5
004E:  BCF    09.0
004F:  BCF    03.5
0050:  RETURN
.................... } 
....................  
.................... void lcd_send_byte(unsigned int8 address, unsigned int8 n) 
.................... { 
....................   #if defined(__PCB__) 
....................    set_tris_lcd(LCD_OUTPUT_MAP); 
....................   #else 
....................    lcd_enable_tris(); 
*
0082:  BSF    03.5
0083:  BCF    09.0
....................    lcd_rs_tris(); 
0084:  BCF    09.1
....................    lcd_rw_tris(); 
0085:  BCF    09.2
....................   #endif 
....................  
....................    lcd_output_rs(0); 
0086:  BCF    03.5
0087:  BCF    09.1
0088:  BSF    03.5
0089:  BCF    09.1
....................    while ( bit_test(lcd_read_byte(),7) ) ; 
*
00BA:  MOVF   78,W
00BB:  MOVWF  30
00BC:  BTFSS  30.7
00BD:  GOTO   0C0
00BE:  BSF    03.5
00BF:  GOTO   08A
....................    lcd_output_rs(address); 
00C0:  MOVF   2E,F
00C1:  BTFSS  03.2
00C2:  GOTO   0C5
00C3:  BCF    09.1
00C4:  GOTO   0C6
00C5:  BSF    09.1
00C6:  BSF    03.5
00C7:  BCF    09.1
....................    delay_cycles(1); 
00C8:  NOP
....................    lcd_output_rw(0); 
00C9:  BCF    03.5
00CA:  BCF    09.2
00CB:  BSF    03.5
00CC:  BCF    09.2
....................    delay_cycles(1); 
00CD:  NOP
....................    lcd_output_enable(0); 
00CE:  BCF    03.5
00CF:  BCF    09.0
00D0:  BSF    03.5
00D1:  BCF    09.0
....................    lcd_send_nibble(n >> 4); 
00D2:  BCF    03.5
00D3:  SWAPF  2F,W
00D4:  MOVWF  30
00D5:  MOVLW  0F
00D6:  ANDWF  30,F
00D7:  MOVF   30,W
00D8:  MOVWF  31
00D9:  CALL   023
....................    lcd_send_nibble(n & 0xf); 
00DA:  MOVF   2F,W
00DB:  ANDLW  0F
00DC:  MOVWF  30
00DD:  MOVWF  31
00DE:  CALL   023
00DF:  RETURN
.................... } 
....................  
.................... #if defined(LCD_EXTENDED_NEWLINE) 
.................... unsigned int8 g_LcdX, g_LcdY; 
.................... #endif 
....................  
.................... void lcd_init(void)  
.................... { 
....................    unsigned int8 i; 
....................    unsigned int8 LCD_INIT_STRING[4] = {0x20 | (LCD_TYPE << 2), 0xc, 1, 6}; 
00E0:  MOVLW  28
00E1:  MOVWF  26
00E2:  MOVLW  0C
00E3:  MOVWF  27
00E4:  MOVLW  01
00E5:  MOVWF  28
00E6:  MOVLW  06
00E7:  MOVWF  29
....................                              // These bytes need to be sent to the LCD 
....................                              // to start it up. 
....................     
....................  
....................    lcd_output_enable(0); 
00E8:  BCF    09.0
00E9:  BSF    03.5
00EA:  BCF    09.0
....................    lcd_output_rs(0); 
00EB:  BCF    03.5
00EC:  BCF    09.1
00ED:  BSF    03.5
00EE:  BCF    09.1
....................    lcd_output_rw(0); 
00EF:  BCF    03.5
00F0:  BCF    09.2
00F1:  BSF    03.5
00F2:  BCF    09.2
....................  
....................  #if defined(__PCB__) 
....................    set_tris_lcd(LCD_OUTPUT_MAP); 
....................  #else 
....................   #if (defined(LCD_DATA4) && defined(LCD_DATA5) && defined(LCD_DATA6) && defined(LCD_DATA7)) 
....................    output_drive(LCD_DATA4); 
00F3:  BCF    08.4
....................    output_drive(LCD_DATA5); 
00F4:  BCF    08.5
....................    output_drive(LCD_DATA6); 
00F5:  BCF    08.6
....................    output_drive(LCD_DATA7); 
00F6:  BCF    08.7
....................   #else 
....................    lcdtris.data = 0x0; 
....................   #endif 
....................    lcd_enable_tris(); 
00F7:  BCF    09.0
....................    lcd_rs_tris(); 
00F8:  BCF    09.1
....................    lcd_rw_tris(); 
00F9:  BCF    09.2
....................  #endif 
....................      
....................    delay_ms(15); 
00FA:  MOVLW  0F
00FB:  BCF    03.5
00FC:  MOVWF  2A
00FD:  CALL   00F
....................    for(i=1;i<=3;++i) 
00FE:  MOVLW  01
00FF:  MOVWF  25
0100:  MOVF   25,W
0101:  SUBLW  03
0102:  BTFSS  03.0
0103:  GOTO   10C
....................    { 
....................        lcd_send_nibble(3); 
0104:  MOVLW  03
0105:  MOVWF  31
0106:  CALL   023
....................        delay_ms(5); 
0107:  MOVLW  05
0108:  MOVWF  2A
0109:  CALL   00F
010A:  INCF   25,F
010B:  GOTO   100
....................    } 
....................     
....................    lcd_send_nibble(2); 
010C:  MOVLW  02
010D:  MOVWF  31
010E:  CALL   023
....................    delay_ms(5); 
010F:  MOVLW  05
0110:  MOVWF  2A
0111:  CALL   00F
....................    for(i=0;i<=3;++i) 
0112:  CLRF   25
0113:  MOVF   25,W
0114:  SUBLW  03
0115:  BTFSS  03.0
0116:  GOTO   123
....................       lcd_send_byte(0,LCD_INIT_STRING[i]); 
0117:  MOVLW  26
0118:  ADDWF  25,W
0119:  MOVWF  04
011A:  BCF    03.7
011B:  MOVF   00,W
011C:  MOVWF  2A
011D:  CLRF   2E
011E:  MOVF   2A,W
011F:  MOVWF  2F
0120:  CALL   082
....................  
....................   #if defined(LCD_EXTENDED_NEWLINE) 
0121:  INCF   25,F
0122:  GOTO   113
0123:  BCF    0A.3
0124:  BCF    0A.4
0125:  GOTO   22C (RETURN)
....................    g_LcdX = 0; 
....................    g_LcdY = 0; 
....................   #endif 
.................... } 
....................  
.................... void lcd_gotoxy(unsigned int8 x, unsigned int8 y) 
.................... { 
....................    unsigned int8 address; 
....................     
....................    if(y!=1) 
0126:  DECFSZ 2B,W
0127:  GOTO   129
0128:  GOTO   12C
....................       address=LCD_LINE_TWO; 
0129:  MOVLW  40
012A:  MOVWF  2C
012B:  GOTO   12D
....................    else 
....................       address=0; 
012C:  CLRF   2C
....................       
....................    address+=x-1; 
012D:  MOVLW  01
012E:  SUBWF  2A,W
012F:  ADDWF  2C,F
....................    lcd_send_byte(0,0x80|address); 
0130:  MOVF   2C,W
0131:  IORLW  80
0132:  MOVWF  2D
0133:  CLRF   2E
0134:  MOVF   2D,W
0135:  MOVWF  2F
0136:  CALL   082
....................  
....................   #if defined(LCD_EXTENDED_NEWLINE) 
0137:  RETURN
....................    g_LcdX = x - 1; 
....................    g_LcdY = y - 1; 
....................   #endif 
.................... } 
....................  
.................... void lcd_putc(char c) 
.................... { 
....................    switch (c) 
0138:  MOVF   29,W
0139:  XORLW  07
013A:  BTFSC  03.2
013B:  GOTO   146
013C:  XORLW  0B
013D:  BTFSC  03.2
013E:  GOTO   14B
013F:  XORLW  06
0140:  BTFSC  03.2
0141:  GOTO   153
0142:  XORLW  02
0143:  BTFSC  03.2
0144:  GOTO   159
0145:  GOTO   15E
....................    { 
....................       case '\a'   :  lcd_gotoxy(1,1);     break; 
0146:  MOVLW  01
0147:  MOVWF  2A
0148:  MOVWF  2B
0149:  CALL   126
014A:  GOTO   163
....................  
....................       case '\f'   :  lcd_send_byte(0,1); 
014B:  CLRF   2E
014C:  MOVLW  01
014D:  MOVWF  2F
014E:  CALL   082
....................                      delay_ms(2); 
014F:  MOVLW  02
0150:  MOVWF  2A
0151:  CALL   00F
....................                     #if defined(LCD_EXTENDED_NEWLINE) 
....................                      g_LcdX = 0; 
....................                      g_LcdY = 0; 
....................                     #endif 
....................                      break; 
0152:  GOTO   163
....................  
....................      #if defined(LCD_EXTENDED_NEWLINE) 
....................       case '\r'   :  lcd_gotoxy(1, g_LcdY+1);   break; 
....................       case '\n'   : 
....................          while (g_LcdX++ < LCD_LINE_LENGTH) 
....................          { 
....................             lcd_send_byte(1, ' '); 
....................          } 
....................          lcd_gotoxy(1, g_LcdY+2); 
....................          break; 
....................      #else 
....................       case '\n'   : lcd_gotoxy(1,2);        break; 
0153:  MOVLW  01
0154:  MOVWF  2A
0155:  MOVLW  02
0156:  MOVWF  2B
0157:  CALL   126
0158:  GOTO   163
....................      #endif 
....................       
....................       case '\b'   : lcd_send_byte(0,0x10);  break; 
0159:  CLRF   2E
015A:  MOVLW  10
015B:  MOVWF  2F
015C:  CALL   082
015D:  GOTO   163
....................       
....................      #if defined(LCD_EXTENDED_NEWLINE) 
....................       default     :  
....................          if (g_LcdX < LCD_LINE_LENGTH) 
....................          { 
....................             lcd_send_byte(1, c); 
....................             g_LcdX++; 
....................          } 
....................          break; 
....................      #else 
....................       default     : lcd_send_byte(1,c);     break; 
015E:  MOVLW  01
015F:  MOVWF  2E
0160:  MOVF   29,W
0161:  MOVWF  2F
0162:  CALL   082
....................      #endif 
....................    } 
0163:  RETURN
.................... } 
....................   
.................... char lcd_getc(unsigned int8 x, unsigned int8 y) 
.................... { 
....................    char value; 
....................  
....................    lcd_gotoxy(x,y); 
....................    while ( bit_test(lcd_read_byte(),7) ); // wait until busy flag is low 
....................    lcd_output_rs(1); 
....................    value = lcd_read_byte(); 
....................    lcd_output_rs(0); 
....................     
....................    return(value); 
.................... } 
....................  
.................... // write a custom character to the ram 
.................... // which is 0-7 and specifies which character array we are modifying. 
.................... // ptr points to an array of 8 bytes, where each byte is the next row of 
.................... //    pixels.  only bits 0-4 are used.  the last row is the cursor row, and 
.................... //    usually you will want to leave this byte 0x00. 
.................... void lcd_set_cgram_char(unsigned int8 which, unsigned int8 *ptr) 
.................... { 
....................    unsigned int i; 
....................  
....................    which <<= 3; 
....................    which &= 0x38; 
....................  
....................    lcd_send_byte(0, 0x40 | which);  //set cgram address 
....................  
....................    for(i=0; i<8; i++) 
....................    { 
....................       lcd_send_byte(1, *ptr++); 
....................    } 
....................    
....................    #if defined(LCD_EXTENDED_NEWLINE) 
....................     lcd_gotoxy(g_LcdX+1, g_LcdY+1);  //set ddram address 
....................    #endif 
.................... } 
....................  
.................... void lcd_cursor_on(int1 on) 
.................... { 
....................    if (on) 
....................    { 
....................       lcd_send_byte(0,0x0F);           //turn LCD cursor ON 
....................    } 
....................    else 
....................    { 
....................       lcd_send_byte(0,0x0C);           //turn LCD cursor OFF 
....................    } 
.................... } 
....................  
.................... #endif 
....................  
....................  
.................... UNSIGNED INT8 XX = 16; 
.................... UNSIGNED INT8 YY = 32; 
.................... UNSIGNED INT8 GIO = 17; 
.................... UNSIGNED INT8 PHUT = 32; 
.................... UNSIGNED INT8 GIAY = 45; 
....................  
....................  
.................... VOID MAIN(){ 
*
0205:  MOVF   03,W
0206:  ANDLW  1F
0207:  MOVWF  03
0208:  MOVLW  10
0209:  MOVWF  20
020A:  MOVLW  20
020B:  MOVWF  21
020C:  MOVLW  11
020D:  MOVWF  22
020E:  MOVLW  20
020F:  MOVWF  23
0210:  MOVLW  2D
0211:  MOVWF  24
0212:  BSF    03.5
0213:  BSF    03.6
0214:  MOVF   09,W
0215:  ANDLW  C0
0216:  MOVWF  09
0217:  BCF    03.6
0218:  BCF    1F.4
0219:  BCF    1F.5
021A:  MOVLW  00
021B:  BSF    03.6
021C:  MOVWF  08
021D:  BCF    03.5
021E:  CLRF   07
021F:  CLRF   08
0220:  CLRF   09
0221:  BCF    03.7
....................    SET_TRIS_D(0); 
0222:  MOVLW  00
0223:  BSF    03.5
0224:  BCF    03.6
0225:  MOVWF  08
....................    SET_TRIS_E(0); 
0226:  BCF    09.0
0227:  BCF    09.1
0228:  BCF    09.2
0229:  BCF    09.3
....................     
....................    LCD_INIT(); 
022A:  BCF    03.5
022B:  GOTO   0E0
....................     
....................    WHILE(TRUE){ 
....................       LCD_GOTOXY(1,1); 
022C:  MOVLW  01
022D:  MOVWF  2A
022E:  MOVWF  2B
022F:  CALL   126
....................       PRINTF(LCD_PUTC, "SPT:%02U     SPK:%02U", XX, YY); 
0230:  MOVLW  04
0231:  BSF    03.6
0232:  MOVWF  0D
0233:  MOVLW  00
0234:  MOVWF  0F
0235:  BCF    03.0
0236:  MOVLW  04
0237:  BCF    03.6
0238:  MOVWF  25
0239:  CALL   164
023A:  MOVF   20,W
023B:  MOVWF  25
023C:  MOVLW  01
023D:  MOVWF  26
023E:  CALL   1D0
023F:  MOVLW  08
0240:  BSF    03.6
0241:  MOVWF  0D
0242:  MOVLW  00
0243:  MOVWF  0F
0244:  BCF    03.0
0245:  MOVLW  09
0246:  BCF    03.6
0247:  MOVWF  25
0248:  CALL   164
0249:  MOVF   21,W
024A:  MOVWF  25
024B:  MOVLW  01
024C:  MOVWF  26
024D:  CALL   1D0
....................       LCD_GOTOXY(4,2); 
024E:  MOVLW  04
024F:  MOVWF  2A
0250:  MOVLW  02
0251:  MOVWF  2B
0252:  CALL   126
....................       PRINTF(LCD_PUTC, "%02U %02U %02U", GIO, PHUT, GIAY); 
0253:  MOVF   22,W
0254:  MOVWF  25
0255:  MOVLW  01
0256:  MOVWF  26
0257:  CALL   1D0
0258:  MOVLW  20
0259:  MOVWF  29
025A:  CALL   138
025B:  MOVF   23,W
025C:  MOVWF  25
025D:  MOVLW  01
025E:  MOVWF  26
025F:  CALL   1D0
0260:  MOVLW  20
0261:  MOVWF  29
0262:  CALL   138
0263:  MOVF   24,W
0264:  MOVWF  25
0265:  MOVLW  01
0266:  MOVWF  26
0267:  CALL   1D0
0268:  GOTO   22C
....................    } 
.................... } 
....................  
0269:  SLEEP

Configuration Fuses:
   Word  1: 2FE2   HS NOWDT PUT MCLR NOPROTECT NOCPD BROWNOUT IESO FCMEN NOLVP NODEBUG
   Word  2: 0700   BORV40 NOWRT
