
ROM used:   618/8192 (8%)
            618/8192 (8%) including unused fragments

            0.5 Average locations per line
            5.7 Average locations per statement

RAM used:   10/368 (3%) at main() level
            25/368 (7%) worst case

Stack used: 5 worst case (5 in main + 0 for interrupts)
Stack size: 8

Lines Stmts  %   Files
----- ----- ---  -----
   36     9   8  EX4.c
  773     0   0  C:\Program Files (x86)\PICC\Devices\16F887.H
  456   100  92  C:\Program Files (x86)\PICC\Drivers\LCD.C
----- -----
 1265   109 Total

Page ROM  %  RAM    Vol Diff  Functions:
---- --- --- ---    --- ----  ----------
0     20   3    1             @delay_ms1
 Inline         3    760  4.5  lcd_read_byte
0     49   8    2    262  3.7  lcd_read_nibble
0     46   7    1    399  2.4  lcd_send_nibble
0     94  15    3    415  3.7  lcd_send_byte
0     70  11    6    852  6.2  lcd_init
0     18   3    4    208  6.3  lcd_gotoxy
0     44   7    1    354  4.7  lcd_putc
0    101  16    0    253  2.2  MAIN
0     11   2    0             @const644
0     87  14    5             @PSTRINGCN7_624
0     21   3    3             @DIV88
0     53   9    2             @PRINTF_U_624
 Inline         0             @cinit1

Program metrics:
    Functions               8
    Statements              109
    Comments                234
    Volume (V)              5314
    Difficulty (D)          32.5
    Effort to implement (E) 172498
    Time to implement (T)   2 hours, 40 minutes
    Est Delivered Bugs (B)  1
    Cyclomatic Complexity   8
    Maintainability (MI)    138

 Segment     Used  Free
-----------  ----  ----
00000-00003     4  0  
00004-007FF   614  1430  
00800-00FFF     0  2048  
01000-017FF     0  2048  
01800-01FFF     0  2048  



