
ROM used:   610/8192 (7%)
            610/8192 (7%) including unused fragments

            0.5 Average locations per line
            5.4 Average locations per statement

RAM used:   7/368 (2%) at main() level
            22/368 (6%) worst case

Stack used: 5 worst case (5 in main + 0 for interrupts)
Stack size: 8

Lines Stmts  %   Files
----- ----- ---  -----
   36    12  11  EX3.c
  773     0   0  C:\Program Files (x86)\PICC\Devices\16F887.H
  456   100  89  C:\Program Files (x86)\PICC\Drivers\LCD.C
----- -----
 1265   112 Total

Page ROM  %  RAM    Vol Diff  Functions:
---- --- --- ---    --- ----  ----------
0     20   3    1             @delay_ms1
 Inline         3    760  4.5  lcd_read_byte
0     49   8    2    262  3.7  lcd_read_nibble
0     46   8    1    399  2.4  lcd_send_nibble
0     94  15    3    415  3.7  lcd_send_byte
0     70  11    6    852  6.2  lcd_init
0     18   3    4    208  6.3  lcd_gotoxy
0     44   7    1    354  4.7  lcd_putc
0     85  14    0    303  2.3  MAIN
0     10   2    0             @const641
0     87  14    5             @PSTRINGCN7_624
0     21   3    3             @DIV88
0     53   9    2             @PRINTF_U_624
0      9   1    0             @const650
 Inline         0             @cinit1

Program metrics:
    Functions               8
    Statements              112
    Comments                234
    Volume (V)              5394
    Difficulty (D)          32.4
    Effort to implement (E) 174586
    Time to implement (T)   2 hours, 42 minutes
    Est Delivered Bugs (B)  1
    Cyclomatic Complexity   8
    Maintainability (MI)    137

 Segment     Used  Free
-----------  ----  ----
00000-00003     4  0  
00004-007FF   606  1438  
00800-00FFF     0  2048  
01000-017FF     0  2048  
01800-01FFF     0  2048  



