CCS PCM C Compiler, Version 5.051, 43599               02-Apr-26 01:09

               Filename:   D:\VI-XU-LY\LCD\REVIEW_2\Review_2.lst

               ROM used:   168 words (2%)
                           Largest free fragment is 2048
               RAM used:   9 (2%) at main() level
                           11 (3%) worst case
               Stack used: 1 locations
               Stack size: 8

*
0000:  MOVLW  00
0001:  MOVWF  0A
0002:  GOTO   03D
0003:  NOP
.................... #INCLUDE <16F887.H> 
.................... //////////// Standard Header file for the PIC16F887 device //////////////// 
.................... /////////////////////////////////////////////////////////////////////////// 
.................... ////        (C) Copyright 1996, 2014 Custom Computer Services          //// 
.................... //// This source code may only be used by licensed users of the CCS C  //// 
.................... //// compiler.  This source code may only be distributed to other      //// 
.................... //// licensed users of the CCS C compiler.  No other use, reproduction //// 
.................... //// or distribution is permitted without written permission.          //// 
.................... //// Derivative programs created using this software in object code    //// 
.................... //// form are not restricted in any way.                               //// 
.................... /////////////////////////////////////////////////////////////////////////// 
.................... #device PIC16F887 
0004:  BCF    0A.0
0005:  BCF    0A.1
0006:  BCF    0A.2
0007:  ADDWF  02,F
0008:  RETLW  C0
0009:  RETLW  F9
000A:  RETLW  A4
000B:  RETLW  B0
000C:  RETLW  99
000D:  RETLW  92
000E:  RETLW  82
000F:  RETLW  F8
0010:  RETLW  80
0011:  RETLW  90
0012:  MOVF   24,W
0013:  CLRF   78
0014:  SUBWF  23,W
0015:  BTFSC  03.0
0016:  GOTO   01A
0017:  MOVF   23,W
0018:  MOVWF  77
0019:  GOTO   026
001A:  CLRF   77
001B:  MOVLW  08
001C:  MOVWF  25
001D:  RLF    23,F
001E:  RLF    77,F
001F:  MOVF   24,W
0020:  SUBWF  77,W
0021:  BTFSC  03.0
0022:  MOVWF  77
0023:  RLF    78,F
0024:  DECFSZ 25,F
0025:  GOTO   01D
0026:  RETURN
....................  
.................... #list 
....................  
.................... #FUSES HS, PUT, NOWDT, NOLVP, NOPROTECT 
.................... #USE DELAY(CLOCK=20M) 
0027:  MOVLW  24
0028:  MOVWF  04
0029:  BCF    03.7
002A:  MOVF   00,W
002B:  BTFSC  03.2
002C:  GOTO   03A
002D:  MOVLW  06
002E:  MOVWF  78
002F:  CLRF   77
0030:  DECFSZ 77,F
0031:  GOTO   030
0032:  DECFSZ 78,F
0033:  GOTO   02F
0034:  MOVLW  7B
0035:  MOVWF  77
0036:  DECFSZ 77,F
0037:  GOTO   036
0038:  DECFSZ 00,F
0039:  GOTO   02D
003A:  BCF    0A.3
003B:  BCF    0A.4
003C:  GOTO   0A0 (RETURN)
....................  
.................... #define START         PIN_E0 
.................... #define STOP         PIN_E1 
....................  
.................... CONST UNSIGNED CHAR MA7DOAN[10] = {0xC0,0xF9,0xA4,0xB0,0x99,0x92,0x82,0xF8,0x80,0x90}; // mang led 7 doan 
....................  
.................... UNSIGNED INT1 STATUS = 1; 
.................... UNSIGNED INT8 SECOND = 0; 
....................  
.................... VOID MAIN(){ 
003D:  MOVF   03,W
003E:  ANDLW  1F
003F:  MOVWF  03
0040:  BSF    20.0
0041:  CLRF   21
0042:  MOVLW  FF
0043:  MOVWF  22
0044:  BSF    03.5
0045:  BSF    03.6
0046:  MOVF   09,W
0047:  ANDLW  C0
0048:  MOVWF  09
0049:  BCF    03.6
004A:  BCF    1F.4
004B:  BCF    1F.5
004C:  MOVLW  00
004D:  BSF    03.6
004E:  MOVWF  08
004F:  BCF    03.5
0050:  CLRF   07
0051:  CLRF   08
0052:  CLRF   09
0053:  BCF    03.7
....................    SET_TRIS_B(0X00); 
0054:  MOVLW  00
0055:  BSF    03.5
0056:  BCF    03.6
0057:  MOVWF  06
....................    SET_TRIS_C(0X00); 
0058:  MOVWF  07
0059:  BCF    03.5
005A:  MOVWF  22
....................    SET_TRIS_E(0XFF); 
005B:  BSF    03.5
005C:  BSF    09.0
005D:  BSF    09.1
005E:  BSF    09.2
005F:  BSF    09.3
....................  
....................    OUTPUT_B(MA7DOAN[0]); 
0060:  CLRF   06
0061:  MOVLW  C0
0062:  BCF    03.5
0063:  MOVWF  06
....................    OUTPUT_C(MA7DOAN[0]); 
0064:  MOVLW  00
0065:  MOVWF  22
0066:  BSF    03.5
0067:  CLRF   07
0068:  MOVLW  C0
0069:  BCF    03.5
006A:  MOVWF  07
....................    STATUS = 0; 
006B:  BCF    20.0
....................     
....................    WHILE(TRUE){ 
....................        
....................       IF (!INPUT(START)) STATUS = 0; 
006C:  BSF    03.5
006D:  BSF    09.0
006E:  BCF    03.5
006F:  BTFSS  09.0
0070:  BCF    20.0
....................       IF (!INPUT(STOP)) STATUS = 1; 
0071:  BSF    03.5
0072:  BSF    09.1
0073:  BCF    03.5
0074:  BTFSS  09.1
0075:  BSF    20.0
....................        
....................       IF (STATUS == 0){ 
0076:  BTFSC  20.0
0077:  GOTO   07F
....................          SECOND++; 
0078:  INCF   21,F
....................          IF (SECOND > 99) SECOND = 1; 
0079:  MOVF   21,W
007A:  SUBLW  63
007B:  BTFSC  03.0
007C:  GOTO   07F
007D:  MOVLW  01
007E:  MOVWF  21
....................       } 
....................        
....................       OUTPUT_B(MA7DOAN[SECOND/10]); 
007F:  MOVF   21,W
0080:  MOVWF  23
0081:  MOVLW  0A
0082:  MOVWF  24
0083:  CALL   012
0084:  MOVF   78,W
0085:  CALL   004
0086:  MOVWF  23
0087:  BSF    03.5
0088:  CLRF   06
0089:  BCF    03.5
008A:  MOVF   23,W
008B:  MOVWF  06
....................       OUTPUT_C(MA7DOAN[SECOND%10]); 
008C:  MOVF   21,W
008D:  MOVWF  23
008E:  MOVLW  0A
008F:  MOVWF  24
0090:  CALL   012
0091:  MOVF   77,W
0092:  CALL   004
0093:  MOVWF  23
0094:  MOVLW  00
0095:  MOVWF  22
0096:  BSF    03.5
0097:  CLRF   07
0098:  BCF    03.5
0099:  MOVF   23,W
009A:  MOVWF  07
....................       DELAY_MS(500); 
009B:  MOVLW  02
009C:  MOVWF  23
009D:  MOVLW  FA
009E:  MOVWF  24
009F:  GOTO   027
00A0:  DECFSZ 23,F
00A1:  GOTO   09D
....................        
....................              
....................       IF (STATUS == 1){ 
00A2:  BTFSS  20.0
00A3:  GOTO   0A6
....................          WHILE(INPUT(START==1)); 
00A4:  BTFSC  00.0
00A5:  GOTO   0A4
....................       } 
00A6:  GOTO   06C
....................        
....................    } 
.................... } 
00A7:  SLEEP

Configuration Fuses:
   Word  1: 2FE2   HS NOWDT PUT MCLR NOPROTECT NOCPD BROWNOUT IESO FCMEN NOLVP NODEBUG
   Word  2: 0700   BORV40 NOWRT
