
ROM used:   193/8192 (2%)
            193/8192 (2%) including unused fragments

            0.2 Average locations per line
            5.5 Average locations per statement

RAM used:   9/368 (2%) at main() level
            11/368 (3%) worst case

Stack used: 1 worst case (1 in main + 0 for interrupts)
Stack size: 8

Lines Stmts  %   Files
----- ----- ---  -----
   53    35 100  Review_2.c
  773     0   0  C:\Program Files (x86)\PICC\Devices\16F887.H
----- -----
  826    35 Total

Page ROM  %  RAM    Vol Diff  Functions:
---- --- --- ---    --- ----  ----------
0     20  10    1             @delay_ms1
0     14   7    0             @const601
0    134  69    1    852  6.8  MAIN
0     21  11    3             @DIV88
 Inline         0             @cinit1

Program metrics:
    Functions               1
    Statements              35
    Comments                133
    Volume (V)              863
    Difficulty (D)          6.3
    Effort to implement (E) 5438
    Time to implement (T)   5 minutes
    Est Delivered Bugs (B)  0
    Cyclomatic Complexity   6
    Maintainability (MI)    35

 Segment     Used  Free
-----------  ----  ----
00000-00003     4  0  
00004-007FF   189  1855  
00800-00FFF     0  2048  
01000-017FF     0  2048  
01800-01FFF     0  2048  



