
ROM used:   92/8192 (1%)
            92/8192 (1%) including unused fragments

            0.1 Average locations per line
            10.2 Average locations per statement

RAM used:   7/368 (2%) at main() level
            8/368 (2%) worst case

Stack used: 0 worst case (0 in main + 0 for interrupts)
Stack size: 8

Lines Stmts  %   Files
----- ----- ---  -----
   19     9 100  VD1.c
  773     0   0  C:\Program Files (x86)\PICC\Devices\16F887.H
----- -----
  792     9 Total

Page ROM  %  RAM    Vol Diff  Functions:
---- --- --- ---    --- ----  ----------
0     22  24    1             @delay_ms1
0     14  15    0             @const601
0     52  57    1    187  4.4  MAIN
 Inline         0             @cinit1

Program metrics:
    Functions               1
    Statements              9
    Comments                132
    Volume (V)              193
    Difficulty (D)          3.8
    Effort to implement (E) 736
    Time to implement (T)   1 minutes
    Est Delivered Bugs (B)  0
    Cyclomatic Complexity   1
    Maintainability (MI)    64

 Segment     Used  Free
-----------  ----  ----
00000-00003     4  0  
00004-007FF    88  1956  
00800-00FFF     0  2048  
01000-017FF     0  2048  
01800-01FFF     0  2048  



