
ROM used:   498/8192 (6%)
            498/8192 (6%) including unused fragments

            0.4 Average locations per line
            4.6 Average locations per statement

RAM used:   7/368 (2%) at main() level
            21/368 (6%) worst case

Stack used: 5 worst case (5 in main + 0 for interrupts)
Stack size: 8

Lines Stmts  %   Files
----- ----- ---  -----
   29     9   8  EX1.c
  773     0   0  C:\Program Files (x86)\PICC\Devices\16F887.H
  456   100  92  C:\Program Files (x86)\PICC\Drivers\LCD.C
----- -----
 1258   109 Total

Page ROM  %  RAM    Vol Diff  Functions:
---- --- --- ---    --- ----  ----------
0     20   4    1             @delay_ms1
 Inline         3    760  4.5  lcd_read_byte
0     49  10    2    262  3.7  lcd_read_nibble
0     46   9    1    399  2.4  lcd_send_nibble
0     94  19    3    415  3.7  lcd_send_byte
0     70  14    6    852  6.2  lcd_init
0     18   4    4    208  6.3  lcd_gotoxy
0     44   9    1    354  4.7  lcd_putc
0     56  11    0    170  2.1  MAIN
0      6   1    0             @const639
0     86  17    4             @PSTRINGC7_624
0      5   1    0             @const644
 Inline         0             @cinit1

Program metrics:
    Functions               8
    Statements              109
    Comments                234
    Volume (V)              5175
    Difficulty (D)          32.6
    Effort to implement (E) 168495
    Time to implement (T)   2 hours, 36 minutes
    Est Delivered Bugs (B)  1
    Cyclomatic Complexity   8
    Maintainability (MI)    138

 Segment     Used  Free
-----------  ----  ----
00000-00003     4  0  
00004-007FF   494  1550  
00800-00FFF     0  2048  
01000-017FF     0  2048  
01800-01FFF     0  2048  



